<?xml version="1.0" encoding="UTF-8"?>
<!-- Generated by org.testng.reporters.JUnitXMLReporter -->
<testsuite ignored="0" hostname="Dracarys" failures="1" tests="1" name="Safari Execution" time="16.929" errors="0" timestamp="2021-05-25T20:24:55 IST">
  <testcase classname="com.okcredit.test.BookRoomWebTest" name="bookARoom" time="4.443">
    <failure type="org.openqa.selenium.ElementNotInteractableException" message="Build info: version: &amp;apos;4.0.0-beta-3&amp;apos;, revision: &amp;apos;5d108f9a67&amp;apos;
System info: host: &amp;apos;Dracarys&amp;apos;, ip: &amp;apos;fe80:0:0:0:87:b24b:579e:862c%en0&amp;apos;, os.name: &amp;apos;Mac OS X&amp;apos;, os.arch: &amp;apos;x86_64&amp;apos;, os.version: &amp;apos;10.16&amp;apos;, java.version: &amp;apos;13.0.1&amp;apos;
Driver info: org.openqa.selenium.safari.SafariDriver
Command: [8256D439-EF51-4BBF-818E-1CC9800C7958, clickElement {id=node-6174DDE0-3509-4ED0-AB1E-3F5334B0A838}]
Capabilities {acceptInsecureCerts: false, browserName: Safari, browserVersion: 14.0.3, javascriptEnabled: true, platform: MAC, platformName: MAC, safari:automaticInspection: false, safari:automaticProfiling: false, safari:diagnose: false, safari:platformBuildVersion: 20D91, safari:platformVersion: 11.2.3, safari:useSimulator: false, setWindowRect: true, strictFileInteractability: false, webkit:WebRTC: {DisableICECandidateFiltering: false, DisableInsecureMediaCapture: false}}
Element: [[SafariDriver: Safari on MAC (8256D439-EF51-4BBF-818E-1CC9800C7958)] -&amp;gt; xpath: //h6[text()=&amp;apos;Family&amp;apos;]]
Session ID: 8256D439-EF51-4BBF-818E-1CC9800C7958">
      <![CDATA[org.openqa.selenium.ElementNotInteractableException: Build info: version: '4.0.0-beta-3', revision: '5d108f9a67'
System info: host: 'Dracarys', ip: 'fe80:0:0:0:87:b24b:579e:862c%en0', os.name: 'Mac OS X', os.arch: 'x86_64', os.version: '10.16', java.version: '13.0.1'
Driver info: org.openqa.selenium.safari.SafariDriver
Command: [8256D439-EF51-4BBF-818E-1CC9800C7958, clickElement {id=node-6174DDE0-3509-4ED0-AB1E-3F5334B0A838}]
Capabilities {acceptInsecureCerts: false, browserName: Safari, browserVersion: 14.0.3, javascriptEnabled: true, platform: MAC, platformName: MAC, safari:automaticInspection: false, safari:automaticProfiling: false, safari:diagnose: false, safari:platformBuildVersion: 20D91, safari:platformVersion: 11.2.3, safari:useSimulator: false, setWindowRect: true, strictFileInteractability: false, webkit:WebRTC: {DisableICECandidateFiltering: false, DisableInsecureMediaCapture: false}}
Element: [[SafariDriver: Safari on MAC (8256D439-EF51-4BBF-818E-1CC9800C7958)] -> xpath: //h6[text()='Family']]
Session ID: 8256D439-EF51-4BBF-818E-1CC9800C7958
at org.openqa.selenium.remote.codec.w3c.W3CHttpResponseCodec.createException(W3CHttpResponseCodec.java:198)
at org.openqa.selenium.remote.codec.w3c.W3CHttpResponseCodec.decode(W3CHttpResponseCodec.java:131)
at org.openqa.selenium.remote.codec.w3c.W3CHttpResponseCodec.decode(W3CHttpResponseCodec.java:52)
at org.openqa.selenium.remote.HttpCommandExecutor.execute(HttpCommandExecutor.java:184)
at org.openqa.selenium.remote.service.DriverCommandExecutor.invokeExecute(DriverCommandExecutor.java:153)
at org.openqa.selenium.remote.service.DriverCommandExecutor.execute(DriverCommandExecutor.java:128)
at org.openqa.selenium.remote.RemoteWebDriver.execute(RemoteWebDriver.java:619)
at org.openqa.selenium.remote.RemoteWebElement.execute(RemoteWebElement.java:237)
at org.openqa.selenium.remote.RemoteWebElement.click(RemoteWebElement.java:75)
at com.okcredit.page.login.RoomPage.selectRoomType(RoomPage.java:20)
at com.okcredit.test.BookRoomWebTest.bookARoom(BookRoomWebTest.java:35)
at java.base/java.util.ArrayList.forEach(ArrayList.java:1507)
at java.base/java.util.concurrent.FutureTask.run(FutureTask.java:264)
at java.base/java.util.concurrent.ThreadPoolExecutor.runWorker(ThreadPoolExecutor.java:1128)
at java.base/java.util.concurrent.ThreadPoolExecutor$Worker.run(ThreadPoolExecutor.java:628)
at java.base/java.lang.Thread.run(Thread.java:830)
... Removed 23 stack frames]]>
    </failure>
  </testcase> <!-- bookARoom -->
</testsuite> <!-- Safari Execution -->
